android-JobScheduler-master/Application/build/intermediates/manifest_merge_blame_file/debug/manifest-merger-blame-debug-report.txt
1<?xml version="1.0" encoding="utf-8"?>
2<!--
3 Copyright 2013 The Android Open Source Project
4
5 Licensed under the Apache License, Version 2.0 (the "License");
6 you may not use this file except in compliance with the License.
7 You may obtain a copy of the License at
8
9     http://www.apache.org/licenses/LICENSE-2.0
10
11 Unless required by applicable law or agreed to in writing, software
12 distributed under the License is distributed on an "AS IS" BASIS,
13 WITHOUT WARRANTIES OR CONDITIONS OF ANY KIND, either express or implied.
14 See the License for the specific language governing permissions and
15 limitations under the License.
16-->
17<manifest xmlns:android="http://schemas.android.com/apk/res/android"
18    package="com.example.android.jobscheduler" >
19
20    <uses-sdk
21        android:minSdkVersion="21"
21-->src/main/AndroidManifest.xml
22        android:targetSdkVersion="27" />
22-->src/main/AndroidManifest.xml
23
24    <!-- Min/target SDK versions (<uses-sdk>) managed by build.gradle -->
25
26    <uses-permission android:name="android.permission.INTERNET" />
26-->src/main/AndroidManifest.xml:23:5-67
26-->src/main/AndroidManifest.xml:23:22-64
27    <uses-permission android:name="android.permission.RECEIVE_BOOT_COMPLETED" />
27-->src/main/AndroidManifest.xml:24:5-81
27-->src/main/AndroidManifest.xml:24:22-78
28
29    <application
29-->src/main/AndroidManifest.xml:26:5-44:19
30        android:debuggable="true"
31        android:icon="@drawable/ic_launcher"
31-->src/main/AndroidManifest.xml:27:9-45
32        android:label="@string/app_name"
32-->src/main/AndroidManifest.xml:28:9-41
33        android:theme="@style/AppTheme" >
33-->src/main/AndroidManifest.xml:29:9-40
34        <activity
34-->src/main/AndroidManifest.xml:30:9-38:20
35            android:name="com.example.android.jobscheduler.MainActivity"
35-->src/main/AndroidManifest.xml:31:13-41
36            android:label="@string/app_name"
36-->src/main/AndroidManifest.xml:32:13-45
37            android:windowSoftInputMode="stateHidden" >
37-->src/main/AndroidManifest.xml:33:13-54
38            <intent-filter>
38-->src/main/AndroidManifest.xml:34:13-37:29
39                <action android:name="android.intent.action.MAIN" />
39-->src/main/AndroidManifest.xml:35:17-69
39-->src/main/AndroidManifest.xml:35:25-66
40
41                <category android:name="android.intent.category.LAUNCHER" />
41-->src/main/AndroidManifest.xml:36:17-77
41-->src/main/AndroidManifest.xml:36:27-74
42            </intent-filter>
43        </activity>
44
45        <service
45-->src/main/AndroidManifest.xml:40:9-43:38
46            android:name="com.example.android.jobscheduler.service.MyJobService"
46-->src/main/AndroidManifest.xml:41:13-49
47            android:exported="true"
47-->src/main/AndroidManifest.xml:43:13-36
48            android:permission="android.permission.BIND_JOB_SERVICE" />
48-->src/main/AndroidManifest.xml:42:13-69
49    </application>
50
51</manifest>